2026-01-22 03:44:59,561 - root - INFO - Starting final dataset assembly process...
2026-01-22 03:44:59,746 - root - INFO - Building training dataset from features...
2026-01-22 03:44:59,746 - root - INFO - Validated training row for user_id: 80b33ad9-0c70-45cb-9b5d-a1046b7945df, job_id: kojTiAwbHpOq_ro5AAAAAA==
2026-01-22 03:44:59,747 - root - INFO - Validated training row for user_id: 2fd76e2d-4bed-4e85-b38f-23c1d0af24d9, job_id: VLda3_mzMukG1dJLAAAAAA==
2026-01-22 03:44:59,748 - root - INFO - Validated training row for user_id: 2fd76e2d-4bed-4e85-b38f-23c1d0af24d9, job_id: SFb022xwgYprsfUsAAAAAA==
2026-01-22 03:44:59,748 - root - INFO - Validated training row for user_id: c2991701-0251-4e0e-ae15-72b8b8946134, job_id: pkrscD1LKNxu5zCMAAAAAA==
2026-01-22 03:44:59,748 - root - INFO - Validated training row for user_id: 959d920c-1ce1-474a-8dfc-2f8e959438c4, job_id: bDlxl9wjC0tRQhDVAAAAAA==
2026-01-22 03:44:59,748 - root - INFO - Validated training row for user_id: c2aa7931-2ccf-4774-85c2-13ecf909accc, job_id: mkQU1D_Al6J-Hmr3AAAAAA==
2026-01-22 03:44:59,748 - root - INFO - Validated training row for user_id: 652d0a8b-8d21-41bd-b09e-1f5237fd8927, job_id: xyQF7Fv4sjptDMw9AAAAAA==
2026-01-22 03:44:59,749 - root - INFO - Validated training row for user_id: 9db66c54-ead5-45d9-ab7b-82afa50866b2, job_id: V8oMFKXFLuwfppEzAAAAAA==
2026-01-22 03:44:59,749 - root - INFO - Validated training row for user_id: 48feb7fe-a3d6-4d9c-92a5-2573676d4b2e, job_id: 6VtBR7ch0_QqEFfJAAAAAA==
2026-01-22 03:44:59,749 - root - INFO - Validated training row for user_id: 9c0215da-73cc-4284-86e3-076649b423cb, job_id: Q41P2ZeYfNVv6dwVAAAAAA==
2026-01-22 03:44:59,749 - root - INFO - Validated training row for user_id: 1fbbdbcc-0549-48a2-a690-a82db6de0a14, job_id: D85JxQMKGZah2MSnAAAAAA==
2026-01-22 03:44:59,749 - root - INFO - Validated training row for user_id: 9c0215da-73cc-4284-86e3-076649b423cb, job_id: AaMxsW4EobR7EKH1AAAAAA==
2026-01-22 03:44:59,749 - root - INFO - Validated training row for user_id: a2aaef23-c7c9-4c49-b39e-869d4a687fa6, job_id: pHSZ6U9_e998deAmAAAAAA==
2026-01-22 03:44:59,749 - root - INFO - Validated training row for user_id: 7a2e75d8-6be3-48f5-ab60-cbbb93e7a546, job_id: NQwlRj4WyKlMfWOrAAAAAA==
2026-01-22 03:44:59,750 - root - INFO - Validated training row for user_id: 9c0215da-73cc-4284-86e3-076649b423cb, job_id: pQr9yk-q8GhKrGaQAAAAAA==
2026-01-22 03:44:59,750 - root - INFO - Validated training row for user_id: 1a59240d-e1e3-4f6d-af35-9d9e4169a7cc, job_id: K5Iv5O96RfP17jcCAAAAAA==
2026-01-22 03:44:59,750 - root - INFO - Validated training row for user_id: c2aa7931-2ccf-4774-85c2-13ecf909accc, job_id: EPwi59V26tOZUXjPAAAAAA==
2026-01-22 03:44:59,750 - root - INFO - Validated training row for user_id: 7f7b8348-ca4d-4ac7-9bd7-05a12910f0b0, job_id: Uthjx67jVc7AfhJxAAAAAA==
2026-01-22 03:44:59,750 - root - INFO - Validated training row for user_id: 1a59240d-e1e3-4f6d-af35-9d9e4169a7cc, job_id: BY9H8D9pA05KYr4VAAAAAA==
2026-01-22 03:44:59,750 - root - INFO - Validated training row for user_id: 8b0c54b7-0273-4480-bd58-53de95f4c664, job_id: S2EQOyRCelk7zP4dAAAAAA==
2026-01-22 03:44:59,750 - root - INFO - Validated training row for user_id: 48feb7fe-a3d6-4d9c-92a5-2573676d4b2e, job_id: ELpj2bvO5c3ZdayHAAAAAA==
2026-01-22 03:44:59,750 - root - INFO - Validated training row for user_id: 28752bf0-7659-409d-9773-2d2600b75048, job_id: eybrtj6Gp01a-rICAAAAAA==
2026-01-22 03:44:59,750 - root - INFO - Validated training row for user_id: 28752bf0-7659-409d-9773-2d2600b75048, job_id: Rv1vY1TCqQX4pWAzAAAAAA==
2026-01-22 03:44:59,751 - root - INFO - Validated training row for user_id: 959d920c-1ce1-474a-8dfc-2f8e959438c4, job_id: AaMxsW4EobR7EKH1AAAAAA==
2026-01-22 03:44:59,751 - root - INFO - Validated training row for user_id: 8b0c54b7-0273-4480-bd58-53de95f4c664, job_id: VGaTef-4APw_oWMfAAAAAA==
2026-01-22 03:44:59,751 - root - INFO - Validated training row for user_id: 2fd76e2d-4bed-4e85-b38f-23c1d0af24d9, job_id: _ZLhsv6YK7pceu-HAAAAAA==
2026-01-22 03:44:59,751 - root - INFO - Validated training row for user_id: ced65fd4-de1c-40a6-97a1-66bd29aa131c, job_id: vAa7AU4qxD75VtgCAAAAAA==
2026-01-22 03:44:59,751 - root - INFO - Validated training row for user_id: 1a59240d-e1e3-4f6d-af35-9d9e4169a7cc, job_id: NVNNSNUbxpepmYijAAAAAA==
2026-01-22 03:44:59,751 - root - INFO - Validated training row for user_id: c2aa7931-2ccf-4774-85c2-13ecf909accc, job_id: eybrtj6Gp01a-rICAAAAAA==
2026-01-22 03:44:59,751 - root - INFO - Validated training row for user_id: ced65fd4-de1c-40a6-97a1-66bd29aa131c, job_id: 49TvhW0dEV6iIvVCAAAAAA==
2026-01-22 03:44:59,751 - root - INFO - Validated training row for user_id: c2991701-0251-4e0e-ae15-72b8b8946134, job_id: S1a0KAeYr6M9C6TwAAAAAA==
2026-01-22 03:44:59,751 - root - INFO - Validated training row for user_id: db7845e4-6405-4db6-820c-78be82d25bcf, job_id: S1a0KAeYr6M9C6TwAAAAAA==
2026-01-22 03:44:59,752 - root - INFO - Validated training row for user_id: 2fd76e2d-4bed-4e85-b38f-23c1d0af24d9, job_id: -xac73Tg532n7hfJAAAAAA==
2026-01-22 03:44:59,752 - root - INFO - Validated training row for user_id: 7a2e75d8-6be3-48f5-ab60-cbbb93e7a546, job_id: f2gO7-GpnsAsGfFiAAAAAA==
2026-01-22 03:44:59,752 - root - INFO - Validated training row for user_id: 48feb7fe-a3d6-4d9c-92a5-2573676d4b2e, job_id: -LyVpIfDUyez8o0tAAAAAA==
2026-01-22 03:44:59,752 - root - INFO - Validated training row for user_id: dc12ad7d-a5b1-4cb7-abb2-2b898a4053da, job_id: RfADr_JNKjzgJuE5AAAAAA==
2026-01-22 03:44:59,752 - root - INFO - Validated training row for user_id: 8b0c54b7-0273-4480-bd58-53de95f4c664, job_id: P0Y6JmGJZTvnPTuOAAAAAA==
2026-01-22 03:44:59,752 - root - INFO - Validated training row for user_id: db7845e4-6405-4db6-820c-78be82d25bcf, job_id: 7RcrwyGfwnvecgg_AAAAAA==
2026-01-22 03:44:59,752 - root - INFO - Validated training row for user_id: 23d85338-0355-48f6-befb-18f5690cbbf6, job_id: tLS6gCyDJtizssL9AAAAAA==
2026-01-22 03:44:59,752 - root - INFO - Validated training row for user_id: 48feb7fe-a3d6-4d9c-92a5-2573676d4b2e, job_id: NQwlRj4WyKlMfWOrAAAAAA==
2026-01-22 03:44:59,752 - root - INFO - Validated training row for user_id: c2aa7931-2ccf-4774-85c2-13ecf909accc, job_id: RfADr_JNKjzgJuE5AAAAAA==
2026-01-22 03:44:59,753 - root - INFO - Validated training row for user_id: 1a59240d-e1e3-4f6d-af35-9d9e4169a7cc, job_id: 4n0eiS1-_q3jAPGaAAAAAA==
2026-01-22 03:44:59,753 - root - INFO - Validated training row for user_id: 8b0c54b7-0273-4480-bd58-53de95f4c664, job_id: m1lTcmQmSeduP6W2AAAAAA==
2026-01-22 03:44:59,753 - root - INFO - Validated training row for user_id: 7f7b8348-ca4d-4ac7-9bd7-05a12910f0b0, job_id: mkQU1D_Al6J-Hmr3AAAAAA==
2026-01-22 03:44:59,753 - root - INFO - Validated training row for user_id: 36fd99d6-7798-4e76-9d83-ae50aa3071a6, job_id: g7W-WS9b3cb4KqI_AAAAAA==
2026-01-22 03:44:59,753 - root - INFO - Validated training row for user_id: 45581cd1-3022-400d-8577-49d7e5c1bb39, job_id: RfADr_JNKjzgJuE5AAAAAA==
2026-01-22 03:44:59,753 - root - INFO - Validated training row for user_id: 80b33ad9-0c70-45cb-9b5d-a1046b7945df, job_id: xGp_usHNu4A_OOWDAAAAAA==
2026-01-22 03:44:59,753 - root - INFO - Validated training row for user_id: 7f7b8348-ca4d-4ac7-9bd7-05a12910f0b0, job_id: PHbzOUZ0IWHADz4RAAAAAA==
2026-01-22 03:44:59,753 - root - INFO - Validated training row for user_id: a2aaef23-c7c9-4c49-b39e-869d4a687fa6, job_id: 68mkLQYYJsJIbtKyAAAAAA==
2026-01-22 03:44:59,753 - root - INFO - Validated training row for user_id: 1a59240d-e1e3-4f6d-af35-9d9e4169a7cc, job_id: xPM33LYRNzXQB-GRAAAAAA==
2026-01-22 03:44:59,753 - root - INFO - Validated training row for user_id: 7a2e75d8-6be3-48f5-ab60-cbbb93e7a546, job_id: 9NZypkpeF1sfgyHHAAAAAA==
2026-01-22 03:44:59,754 - root - INFO - Validated training row for user_id: 36fd99d6-7798-4e76-9d83-ae50aa3071a6, job_id: 68mkLQYYJsJIbtKyAAAAAA==
2026-01-22 03:44:59,754 - root - INFO - Validated training row for user_id: 7f7b8348-ca4d-4ac7-9bd7-05a12910f0b0, job_id: oGdJz7Rqnw0MDL3zAAAAAA==
2026-01-22 03:44:59,754 - root - INFO - Validated training row for user_id: 1fbbdbcc-0549-48a2-a690-a82db6de0a14, job_id: OI5k4DaQ56M2k1mEAAAAAA==
2026-01-22 03:44:59,754 - root - INFO - Validated training row for user_id: c2991701-0251-4e0e-ae15-72b8b8946134, job_id: RfADr_JNKjzgJuE5AAAAAA==
2026-01-22 03:44:59,754 - root - INFO - Validated training row for user_id: 28752bf0-7659-409d-9773-2d2600b75048, job_id: PHbzOUZ0IWHADz4RAAAAAA==
2026-01-22 03:44:59,754 - root - INFO - Validated training row for user_id: c2aa7931-2ccf-4774-85c2-13ecf909accc, job_id: oGdJz7Rqnw0MDL3zAAAAAA==
2026-01-22 03:44:59,754 - root - INFO - Validated training row for user_id: 2fd76e2d-4bed-4e85-b38f-23c1d0af24d9, job_id: VGaTef-4APw_oWMfAAAAAA==
2026-01-22 03:44:59,754 - root - INFO - Validated training row for user_id: 7f7b8348-ca4d-4ac7-9bd7-05a12910f0b0, job_id: g7W-WS9b3cb4KqI_AAAAAA==
2026-01-22 03:44:59,754 - root - INFO - Validated training row for user_id: 959d920c-1ce1-474a-8dfc-2f8e959438c4, job_id: xGp_usHNu4A_OOWDAAAAAA==
2026-01-22 03:44:59,755 - root - INFO - Validated training row for user_id: 7f7b8348-ca4d-4ac7-9bd7-05a12910f0b0, job_id: dmuaGOeNSLbD40KWAAAAAA==
2026-01-22 03:44:59,755 - root - INFO - Validated training row for user_id: dc12ad7d-a5b1-4cb7-abb2-2b898a4053da, job_id: xPM33LYRNzXQB-GRAAAAAA==
2026-01-22 03:44:59,755 - root - INFO - Validated training row for user_id: 9c0215da-73cc-4284-86e3-076649b423cb, job_id: dmuaGOeNSLbD40KWAAAAAA==
2026-01-22 03:44:59,755 - root - INFO - Validated training row for user_id: 23d85338-0355-48f6-befb-18f5690cbbf6, job_id: dyuB2TJIBaOZFx2BAAAAAA==
2026-01-22 03:44:59,755 - root - INFO - Validated training row for user_id: 23d85338-0355-48f6-befb-18f5690cbbf6, job_id: kLtScUBpRCCTj3UmAAAAAA==
2026-01-22 03:44:59,755 - root - INFO - Validated training row for user_id: 959d920c-1ce1-474a-8dfc-2f8e959438c4, job_id: y2RWbKH2iBoeknVcAAAAAA==
2026-01-22 03:44:59,755 - root - INFO - Validated training row for user_id: 9c0215da-73cc-4284-86e3-076649b423cb, job_id: HTUHYKP-lL41ETveAAAAAA==
2026-01-22 03:44:59,755 - root - INFO - Validated training row for user_id: 7a2e75d8-6be3-48f5-ab60-cbbb93e7a546, job_id: o0sZR8mxSGdzYRYRAAAAAA==
2026-01-22 03:44:59,755 - root - INFO - Validated training row for user_id: 45581cd1-3022-400d-8577-49d7e5c1bb39, job_id: _rU6sFGYh2fmCHkCAAAAAA==
2026-01-22 03:44:59,756 - root - INFO - Validated training row for user_id: 23d85338-0355-48f6-befb-18f5690cbbf6, job_id: xPM33LYRNzXQB-GRAAAAAA==
2026-01-22 03:44:59,756 - root - INFO - Validated training row for user_id: dc12ad7d-a5b1-4cb7-abb2-2b898a4053da, job_id: Uthjx67jVc7AfhJxAAAAAA==
2026-01-22 03:44:59,756 - root - INFO - Validated training row for user_id: 1fbbdbcc-0549-48a2-a690-a82db6de0a14, job_id: KgOnApYhU-9SvOTMAAAAAA==
2026-01-22 03:44:59,756 - root - INFO - Validated training row for user_id: 45581cd1-3022-400d-8577-49d7e5c1bb39, job_id: 7RcrwyGfwnvecgg_AAAAAA==
2026-01-22 03:44:59,756 - root - INFO - Validated training row for user_id: 9c0215da-73cc-4284-86e3-076649b423cb, job_id: 4n0eiS1-_q3jAPGaAAAAAA==
2026-01-22 03:44:59,756 - root - INFO - Validated training row for user_id: 2fd76e2d-4bed-4e85-b38f-23c1d0af24d9, job_id: 912vgEHlAvJSKTH-AAAAAA==
2026-01-22 03:44:59,756 - root - INFO - Validated training row for user_id: 8b0c54b7-0273-4480-bd58-53de95f4c664, job_id: -xac73Tg532n7hfJAAAAAA==
2026-01-22 03:44:59,756 - root - INFO - Validated training row for user_id: 8b0c54b7-0273-4480-bd58-53de95f4c664, job_id: xGp_usHNu4A_OOWDAAAAAA==
2026-01-22 03:44:59,756 - root - INFO - Validated training row for user_id: 2fd76e2d-4bed-4e85-b38f-23c1d0af24d9, job_id: P0Y6JmGJZTvnPTuOAAAAAA==
2026-01-22 03:44:59,756 - root - INFO - Validated training row for user_id: 23d85338-0355-48f6-befb-18f5690cbbf6, job_id: BY9H8D9pA05KYr4VAAAAAA==
2026-01-22 03:44:59,757 - root - INFO - Validated training row for user_id: a2aaef23-c7c9-4c49-b39e-869d4a687fa6, job_id: VLda3_mzMukG1dJLAAAAAA==
2026-01-22 03:44:59,757 - root - INFO - Validated training row for user_id: 1fbbdbcc-0549-48a2-a690-a82db6de0a14, job_id: tLS6gCyDJtizssL9AAAAAA==
2026-01-22 03:44:59,757 - root - INFO - Validated training row for user_id: 7f7b8348-ca4d-4ac7-9bd7-05a12910f0b0, job_id: jPjiSiRvCPZTqnowAAAAAA==
2026-01-22 03:44:59,758 - root - INFO - Validated training row for user_id: 1a59240d-e1e3-4f6d-af35-9d9e4169a7cc, job_id: vAa7AU4qxD75VtgCAAAAAA==
2026-01-22 03:44:59,758 - root - INFO - Validated training row for user_id: c2991701-0251-4e0e-ae15-72b8b8946134, job_id: qMFnn-iqjI_1BwSgAAAAAA==
2026-01-22 03:44:59,758 - root - INFO - Validated training row for user_id: 1a59240d-e1e3-4f6d-af35-9d9e4169a7cc, job_id: j6lUGU-ZXxHjYtDkAAAAAA==
2026-01-22 03:44:59,758 - root - INFO - Validated training row for user_id: 23d85338-0355-48f6-befb-18f5690cbbf6, job_id: 5qC9aat3ugPcfRfeAAAAAA==
2026-01-22 03:44:59,758 - root - INFO - Validated training row for user_id: 2fd76e2d-4bed-4e85-b38f-23c1d0af24d9, job_id: Kxi9gtE_peU0RI3OAAAAAA==
2026-01-22 03:44:59,758 - root - INFO - Validated training row for user_id: 28752bf0-7659-409d-9773-2d2600b75048, job_id: Uthjx67jVc7AfhJxAAAAAA==
2026-01-22 03:44:59,759 - root - INFO - Validated training row for user_id: 7a2e75d8-6be3-48f5-ab60-cbbb93e7a546, job_id: UQhvGnSGFxmaKxn4AAAAAA==
2026-01-22 03:44:59,759 - root - INFO - Validated training row for user_id: 48feb7fe-a3d6-4d9c-92a5-2573676d4b2e, job_id: 4n0eiS1-_q3jAPGaAAAAAA==
2026-01-22 03:44:59,759 - root - INFO - Validated training row for user_id: 62e70ea0-c2a1-410c-8ddb-5eb799d9c91e, job_id: 49TvhW0dEV6iIvVCAAAAAA==
2026-01-22 03:44:59,759 - root - INFO - Validated training row for user_id: 7f7b8348-ca4d-4ac7-9bd7-05a12910f0b0, job_id: S2EQOyRCelk7zP4dAAAAAA==
2026-01-22 03:44:59,759 - root - INFO - Validated training row for user_id: 2fd76e2d-4bed-4e85-b38f-23c1d0af24d9, job_id: y1r6G15U3T3UXVDLAAAAAA==
2026-01-22 03:44:59,760 - root - INFO - Validated training row for user_id: 1a59240d-e1e3-4f6d-af35-9d9e4169a7cc, job_id: 68mkLQYYJsJIbtKyAAAAAA==
2026-01-22 03:44:59,760 - root - INFO - Validated training row for user_id: c2991701-0251-4e0e-ae15-72b8b8946134, job_id: f2gO7-GpnsAsGfFiAAAAAA==
2026-01-22 03:44:59,760 - root - INFO - Validated training row for user_id: 36fd99d6-7798-4e76-9d83-ae50aa3071a6, job_id: qMFnn-iqjI_1BwSgAAAAAA==
2026-01-22 03:44:59,760 - root - INFO - Validated training row for user_id: c2991701-0251-4e0e-ae15-72b8b8946134, job_id: xPM33LYRNzXQB-GRAAAAAA==
2026-01-22 03:44:59,760 - root - INFO - Validated training row for user_id: 7f7b8348-ca4d-4ac7-9bd7-05a12910f0b0, job_id: 2Q1BcbwuoJ0IrST5AAAAAA==
2026-01-22 03:44:59,760 - root - INFO - Validated training row for user_id: 1fbbdbcc-0549-48a2-a690-a82db6de0a14, job_id: bxjwvB30Z1NwQm3KAAAAAA==
2026-01-22 03:44:59,761 - root - INFO - Validated training row for user_id: 1fbbdbcc-0549-48a2-a690-a82db6de0a14, job_id: ELpj2bvO5c3ZdayHAAAAAA==
2026-01-22 03:44:59,761 - root - INFO - Validated training row for user_id: 652d0a8b-8d21-41bd-b09e-1f5237fd8927, job_id: 49TvhW0dEV6iIvVCAAAAAA==
2026-01-22 03:44:59,761 - root - INFO - Validated training row for user_id: 959d920c-1ce1-474a-8dfc-2f8e959438c4, job_id: L7m7kvW20XhNjSnCAAAAAA==
2026-01-22 03:44:59,761 - root - INFO - Validated training row for user_id: 9db66c54-ead5-45d9-ab7b-82afa50866b2, job_id: P0Y6JmGJZTvnPTuOAAAAAA==
2026-01-22 03:44:59,761 - root - INFO - Validated training row for user_id: 652d0a8b-8d21-41bd-b09e-1f5237fd8927, job_id: P0Y6JmGJZTvnPTuOAAAAAA==
2026-01-22 03:44:59,761 - root - INFO - Validated training row for user_id: 1fbbdbcc-0549-48a2-a690-a82db6de0a14, job_id: DabVMK5F1w5dEY5BAAAAAA==
2026-01-22 03:44:59,762 - root - INFO - Validated training row for user_id: 1a59240d-e1e3-4f6d-af35-9d9e4169a7cc, job_id: o0sZR8mxSGdzYRYRAAAAAA==
2026-01-22 03:44:59,762 - root - INFO - Validated training row for user_id: 8b0c54b7-0273-4480-bd58-53de95f4c664, job_id: xyQF7Fv4sjptDMw9AAAAAA==
2026-01-22 03:44:59,762 - root - INFO - Validated training row for user_id: 62e70ea0-c2a1-410c-8ddb-5eb799d9c91e, job_id: L7m7kvW20XhNjSnCAAAAAA==
2026-01-22 03:44:59,762 - root - INFO - Validated training row for user_id: 8b0c54b7-0273-4480-bd58-53de95f4c664, job_id: ZcbpkRFcgN4L2IqEAAAAAA==
2026-01-22 03:44:59,762 - root - INFO - Validated training row for user_id: 1fbbdbcc-0549-48a2-a690-a82db6de0a14, job_id: 6VtBR7ch0_QqEFfJAAAAAA==
2026-01-22 03:44:59,767 - root - INFO - Validated training row for user_id: 7a2e75d8-6be3-48f5-ab60-cbbb93e7a546, job_id: kLtScUBpRCCTj3UmAAAAAA==
2026-01-22 03:44:59,768 - root - INFO - Validated training row for user_id: 959d920c-1ce1-474a-8dfc-2f8e959438c4, job_id: o0sZR8mxSGdzYRYRAAAAAA==
2026-01-22 03:44:59,768 - root - INFO - Validated training row for user_id: 28752bf0-7659-409d-9773-2d2600b75048, job_id: 2ulgsqo3-0rXaLa5AAAAAA==
2026-01-22 03:44:59,768 - root - INFO - Validated training row for user_id: c2aa7931-2ccf-4774-85c2-13ecf909accc, job_id: ApuhAbwpppggIDTlAAAAAA==
2026-01-22 03:44:59,769 - root - INFO - Validated training row for user_id: 80b33ad9-0c70-45cb-9b5d-a1046b7945df, job_id: tLS6gCyDJtizssL9AAAAAA==
2026-01-22 03:44:59,769 - root - INFO - Validated training row for user_id: ced65fd4-de1c-40a6-97a1-66bd29aa131c, job_id: j6lUGU-ZXxHjYtDkAAAAAA==
2026-01-22 03:44:59,769 - root - INFO - Validated training row for user_id: 8b0c54b7-0273-4480-bd58-53de95f4c664, job_id: DabVMK5F1w5dEY5BAAAAAA==
2026-01-22 03:44:59,769 - root - INFO - Validated training row for user_id: 1fbbdbcc-0549-48a2-a690-a82db6de0a14, job_id: HTUHYKP-lL41ETveAAAAAA==
2026-01-22 03:44:59,769 - root - INFO - Validated training row for user_id: 9db66c54-ead5-45d9-ab7b-82afa50866b2, job_id: HTUHYKP-lL41ETveAAAAAA==
2026-01-22 03:44:59,769 - root - INFO - Validated training row for user_id: 62e70ea0-c2a1-410c-8ddb-5eb799d9c91e, job_id: S1a0KAeYr6M9C6TwAAAAAA==
2026-01-22 03:44:59,771 - root - INFO - Validated training row for user_id: db7845e4-6405-4db6-820c-78be82d25bcf, job_id: mkQU1D_Al6J-Hmr3AAAAAA==
2026-01-22 03:44:59,771 - root - INFO - Validated training row for user_id: 48feb7fe-a3d6-4d9c-92a5-2573676d4b2e, job_id: fzpSckyps2tAwnyFAAAAAA==
2026-01-22 03:44:59,772 - root - INFO - Validated training row for user_id: 28752bf0-7659-409d-9773-2d2600b75048, job_id: UQhvGnSGFxmaKxn4AAAAAA==
2026-01-22 03:45:00,698 - root - INFO - Final dataset assembly process completed successfully.
